This file contains any messages produced by compilers while
running configure, to aid debugging if configure makes a mistake.

It was created by configure, which was
generated by GNU Autoconf 2.69.  Invocation command line was

  $ ./configure --with-problem=rt

## --------- ##
## Platform. ##
## --------- ##

hostname = ecme222-131-dhcp.colorado.edu
uname -m = x86_64
uname -r = 16.6.0
uname -s = Darwin
uname -v = Darwin Kernel Version 16.6.0: Fri Apr 14 16:21:16 PDT 2017; root:xnu-3789.60.24~6/RELEASE_X86_64

/usr/bin/uname -p = i386
/bin/uname -X     = unknown

/bin/arch              = unknown
/usr/bin/arch -k       = unknown
/usr/convex/getsysinfo = unknown
/usr/bin/hostinfo      = Mach kernel version:
	 Darwin Kernel Version 16.6.0: Fri Apr 14 16:21:16 PDT 2017; root:xnu-3789.60.24~6/RELEASE_X86_64
Kernel configured for up to 8 processors.
4 processors are physically available.
8 processors are logically available.
Processor type: x86_64h (Intel x86-64h Haswell)
Processors active: 0 1 2 3 4 5 6 7
Primary memory available: 16.00 gigabytes
Default processor set: 380 tasks, 1727 threads, 8 processors
Load average: 1.92, Mach factor: 6.07
/bin/machine           = unknown
/usr/bin/oslevel       = unknown
/bin/universe          = unknown

PATH: /usr/local/bin
PATH: /usr/bin
PATH: /bin
PATH: /usr/sbin
PATH: /sbin
PATH: /Library/TeX/texbin


## ----------- ##
## Core tests. ##
## ----------- ##

configure:2142: checking for gcc
configure:2158: found /usr/bin/gcc
configure:2169: result: gcc
configure:2398: checking for C compiler version
configure:2407: gcc --version >&5
Apple LLVM version 8.1.0 (clang-802.0.42)
Target: x86_64-apple-darwin16.6.0
Thread model: posix
InstalledDir: /Library/Developer/CommandLineTools/usr/bin
Configured with: --prefix=/Library/Developer/CommandLineTools/usr --with-gxx-include-dir=/usr/include/c++/4.2.1
configure:2418: $? = 0
configure:2407: gcc -v >&5
Configured with: --prefix=/Library/Developer/CommandLineTools/usr --with-gxx-include-dir=/usr/include/c++/4.2.1
Apple LLVM version 8.1.0 (clang-802.0.42)
Target: x86_64-apple-darwin16.6.0
Thread model: posix
InstalledDir: /Library/Developer/CommandLineTools/usr/bin
configure:2418: $? = 0
configure:2407: gcc -V >&5
clang: error: argument to '-V' is missing (expected 1 value)
clang: error: no input files
configure:2418: $? = 1
configure:2407: gcc -qversion >&5
clang: error: unknown argument: '-qversion'
clang: error: no input files
configure:2418: $? = 1
configure:2438: checking whether the C compiler works
configure:2460: gcc    conftest.c  >&5
configure:2464: $? = 0
configure:2512: result: yes
configure:2515: checking for C compiler default output file name
configure:2517: result: a.out
configure:2523: checking for suffix of executables
configure:2530: gcc -o conftest    conftest.c  >&5
configure:2534: $? = 0
configure:2556: result: 
configure:2578: checking whether we are cross compiling
configure:2586: gcc -o conftest    conftest.c  >&5
configure:2590: $? = 0
configure:2597: ./conftest
configure:2601: $? = 0
configure:2616: result: no
configure:2621: checking for suffix of object files
configure:2643: gcc -c   conftest.c >&5
configure:2647: $? = 0
configure:2668: result: o
configure:2672: checking whether we are using the GNU C compiler
configure:2691: gcc -c   conftest.c >&5
configure:2691: $? = 0
configure:2700: result: yes
configure:2709: checking whether gcc accepts -g
configure:2729: gcc -c -g  conftest.c >&5
configure:2729: $? = 0
configure:2770: result: yes
configure:2787: checking for gcc option to accept ISO C89
configure:2850: gcc  -c -g -O2  conftest.c >&5
configure:2850: $? = 0
configure:2863: result: none needed
configure:2926: checking for a BSD-compatible install
configure:2994: result: /usr/bin/install -c
configure:3662: checking how to run the C preprocessor
configure:3693: gcc -E  conftest.c
configure:3693: $? = 0
configure:3707: gcc -E  conftest.c
conftest.c:9:10: fatal error: 'ac_nonexistent.h' file not found
#include <ac_nonexistent.h>
         ^
1 error generated.
configure:3707: $? = 1
configure: failed program was:
| /* confdefs.h */
| #define PACKAGE_NAME ""
| #define PACKAGE_TARNAME ""
| #define PACKAGE_VERSION ""
| #define PACKAGE_STRING ""
| #define PACKAGE_BUGREPORT ""
| #define PACKAGE_URL ""
| /* end confdefs.h.  */
| #include <ac_nonexistent.h>
configure:3732: result: gcc -E
configure:3752: gcc -E  conftest.c
configure:3752: $? = 0
configure:3766: gcc -E  conftest.c
conftest.c:9:10: fatal error: 'ac_nonexistent.h' file not found
#include <ac_nonexistent.h>
         ^
1 error generated.
configure:3766: $? = 1
configure: failed program was:
| /* confdefs.h */
| #define PACKAGE_NAME ""
| #define PACKAGE_TARNAME ""
| #define PACKAGE_VERSION ""
| #define PACKAGE_STRING ""
| #define PACKAGE_BUGREPORT ""
| #define PACKAGE_URL ""
| /* end confdefs.h.  */
| #include <ac_nonexistent.h>
configure:3795: checking for grep that handles long lines and -e
configure:3853: result: /usr/bin/grep
configure:3858: checking for egrep
configure:3920: result: /usr/bin/grep -E
configure:3926: checking whether gcc needs -traditional
conftest.c:9:10: fatal error: 'termio.h' file not found
#include <termio.h>
         ^
1 error generated.
configure:3960: result: no
configure:3969: checking for strdup
configure:3969: gcc -o conftest -g -O2   conftest.c  >&5
conftest.c:32:6: warning: incompatible redeclaration of library function 'strdup' [-Wincompatible-library-redeclaration]
char strdup ();
     ^
conftest.c:32:6: note: 'strdup' is a builtin with type 'char *(const char *)'
1 warning generated.
configure:3969: $? = 0
configure:3969: result: yes
configure:3978: checking for ANSI C header files
configure:3998: gcc -c -g -O2  conftest.c >&5
configure:3998: $? = 0
configure:4071: gcc -o conftest -g -O2   conftest.c  >&5
configure:4071: $? = 0
configure:4071: ./conftest
configure:4071: $? = 0
configure:4082: result: yes
configure:4095: checking for sys/types.h
configure:4095: gcc -c -g -O2  conftest.c >&5
configure:4095: $? = 0
configure:4095: result: yes
configure:4095: checking for sys/stat.h
configure:4095: gcc -c -g -O2  conftest.c >&5
configure:4095: $? = 0
configure:4095: result: yes
configure:4095: checking for stdlib.h
configure:4095: gcc -c -g -O2  conftest.c >&5
configure:4095: $? = 0
configure:4095: result: yes
configure:4095: checking for string.h
configure:4095: gcc -c -g -O2  conftest.c >&5
configure:4095: $? = 0
configure:4095: result: yes
configure:4095: checking for memory.h
configure:4095: gcc -c -g -O2  conftest.c >&5
configure:4095: $? = 0
configure:4095: result: yes
configure:4095: checking for strings.h
configure:4095: gcc -c -g -O2  conftest.c >&5
configure:4095: $? = 0
configure:4095: result: yes
configure:4095: checking for inttypes.h
configure:4095: gcc -c -g -O2  conftest.c >&5
configure:4095: $? = 0
configure:4095: result: yes
configure:4095: checking for stdint.h
configure:4095: gcc -c -g -O2  conftest.c >&5
configure:4095: $? = 0
configure:4095: result: yes
configure:4095: checking for unistd.h
configure:4095: gcc -c -g -O2  conftest.c >&5
configure:4095: $? = 0
configure:4095: result: yes
configure:4107: checking whether byte ordering is bigendian
configure:4122: gcc -c -g -O2  conftest.c >&5
configure:4122: $? = 0
configure:4167: gcc -c -g -O2  conftest.c >&5
configure:4167: $? = 0
configure:4185: gcc -c -g -O2  conftest.c >&5
conftest.c:27:4: error: use of undeclared identifier 'not'
                 not big endian
                 ^
1 error generated.
configure:4185: $? = 1
configure: failed program was:
| /* confdefs.h */
| #define PACKAGE_NAME ""
| #define PACKAGE_TARNAME ""
| #define PACKAGE_VERSION ""
| #define PACKAGE_STRING ""
| #define PACKAGE_BUGREPORT ""
| #define PACKAGE_URL ""
| #define HAVE_STRDUP 1
| #define STDC_HEADERS 1
| #define HAVE_SYS_TYPES_H 1
| #define HAVE_SYS_STAT_H 1
| #define HAVE_STDLIB_H 1
| #define HAVE_STRING_H 1
| #define HAVE_MEMORY_H 1
| #define HAVE_STRINGS_H 1
| #define HAVE_INTTYPES_H 1
| #define HAVE_STDINT_H 1
| #define HAVE_UNISTD_H 1
| /* end confdefs.h.  */
| #include <sys/types.h>
| 		#include <sys/param.h>
| 
| int
| main ()
| {
| #if BYTE_ORDER != BIG_ENDIAN
| 		 not big endian
| 		#endif
| 
|   ;
|   return 0;
| }
configure:4313: result: no
configure:4463: creating ./config.status

## ---------------------- ##
## Running config.status. ##
## ---------------------- ##

This file was extended by config.status, which was
generated by GNU Autoconf 2.69.  Invocation command line was

  CONFIG_FILES    = 
  CONFIG_HEADERS  = 
  CONFIG_LINKS    = 
  CONFIG_COMMANDS = 
  $ ./config.status 

on ecme222-131-dhcp.colorado.edu

config.status:848: creating Makefile
config.status:848: creating Makeoptions
config.status:848: creating src/Makefile
config.status:848: creating src/defs.h
config.status:848: creating src/fftsrc/Makefile
config.status:848: creating src/gravity/Makefile
config.status:848: creating src/integrators/Makefile
config.status:848: creating src/microphysics/Makefile
config.status:848: creating src/reconstruction/Makefile
config.status:848: creating src/rsolvers/Makefile
config.status:848: creating src/particles/Makefile
config.status:848: creating src/config.h

## ---------------- ##
## Cache variables. ##
## ---------------- ##

ac_cv_c_bigendian=no
ac_cv_c_compiler_gnu=yes
ac_cv_env_CC_set=
ac_cv_env_CC_value=
ac_cv_env_CFLAGS_set=
ac_cv_env_CFLAGS_value=
ac_cv_env_CPPFLAGS_set=
ac_cv_env_CPPFLAGS_value=
ac_cv_env_CPP_set=
ac_cv_env_CPP_value=
ac_cv_env_LDFLAGS_set=
ac_cv_env_LDFLAGS_value=
ac_cv_env_LIBS_set=
ac_cv_env_LIBS_value=
ac_cv_env_build_alias_set=
ac_cv_env_build_alias_value=
ac_cv_env_host_alias_set=
ac_cv_env_host_alias_value=
ac_cv_env_target_alias_set=
ac_cv_env_target_alias_value=
ac_cv_func_strdup=yes
ac_cv_header_inttypes_h=yes
ac_cv_header_memory_h=yes
ac_cv_header_stdc=yes
ac_cv_header_stdint_h=yes
ac_cv_header_stdlib_h=yes
ac_cv_header_string_h=yes
ac_cv_header_strings_h=yes
ac_cv_header_sys_stat_h=yes
ac_cv_header_sys_types_h=yes
ac_cv_header_unistd_h=yes
ac_cv_objext=o
ac_cv_path_EGREP='/usr/bin/grep -E'
ac_cv_path_GREP=/usr/bin/grep
ac_cv_path_install='/usr/bin/install -c'
ac_cv_prog_CPP='gcc -E'
ac_cv_prog_ac_ct_CC=gcc
ac_cv_prog_cc_c89=
ac_cv_prog_cc_g=yes
ac_cv_prog_gcc_traditional=no

## ----------------- ##
## Output variables. ##
## ----------------- ##

ACCURACY='THIRD_ORDER_CHAR'
A_CONFIGURE_DATE='Mon Jul 31 14:09:51 MDT 2017'
CC='gcc'
CFLAGS='-g -O2'
COMPILER_OPTS='-O3'
CONDUCTION_MODE='NO_THERMAL_CONDUCTION'
COORD='CARTESIAN'
CPP='gcc -E'
CPPFLAGS=''
DEBUG_MODE='OPTIMIZE'
DEFS='-DHAVE_CONFIG_H'
ECHO_C='\c'
ECHO_N=''
ECHO_T=''
EGREP='/usr/bin/grep -E'
EOS='ADIABATIC'
EXEEXT=''
FARGO_MODE='NO_FARGO'
FEEDBACK_DEFINE='NO_FEEDBACK'
FFT_MODE='NO_FFT'
FLUX_DEF='ROE_FLUX'
FLUX_NAME='roe'
FOFC_MODE='NO_FIRST_ORDER_FLUX_CORRECTION'
GAS='MHD'
GREP='/usr/bin/grep'
H_CORRECTION_MODE='NO_H_CORRECTION'
INSTALL_DATA='${INSTALL} -m 644'
INSTALL_PROGRAM='${INSTALL}'
INSTALL_SCRIPT='${INSTALL}'
INTEGRATOR='ctu'
INTEGRATOR_DEF='CTU_INTEGRATOR'
L1_INFLOW_MODE='NO_L1_INFLOW'
LDFLAGS=''
LIBOBJS=''
LIBS=''
LTLIBOBJS=''
MESH_REFINEMENT='NO_MESH_REFINEMENT'
MPI_MODE='NO_MPI_PARALLEL'
NSCALARS='0'
OBJEXT='o'
ORDER='3'
PACKAGE_BUGREPORT=''
PACKAGE_NAME=''
PACKAGE_STRING=''
PACKAGE_TARNAME=''
PACKAGE_URL=''
PACKAGE_VERSION=''
PARTICLES_ALGORITHM='NO_PARTICLES'
PATH_SEPARATOR=':'
PRECISION='DOUBLE_PREC'
PROBLEM='rt'
RESISTIVITY_MODE='NO_RESISTIVITY'
ROTATING_FRAME_MODE='NO_ROTATING_FRAME'
SELF_GRAVITY_ALGORITHM='SELF_GRAVITY_NONE'
SELF_GRAVITY_DEFINE='NO_SELF_GRAVITY'
SHEARING_BOX_MODE='NO_SHEARING_BOX'
SHELL='/bin/sh'
SPECIAL_RELATIVITY_MODE='NEWTONIAN'
TIMESTEPPING_MODE='NO_STS'
VISCOSITY_MODE='NO_VISCOSITY'
WARNING1='WARNING! This file has been automatically generated by configure.'
WARNING2='Any changes to it will be overwritten the next time configure is run.'
WRITE_GHOST_MODE='NO_WRITE_GHOST_CELLS'
ac_ct_CC='gcc'
bindir='${exec_prefix}/bin'
build_alias=''
datadir='${datarootdir}'
datarootdir='${prefix}/share'
docdir='${datarootdir}/doc/${PACKAGE}'
dvidir='${docdir}'
exec_prefix='${prefix}'
host_alias=''
htmldir='${docdir}'
includedir='${prefix}/include'
infodir='${datarootdir}/info'
libdir='${exec_prefix}/lib'
libexecdir='${exec_prefix}/libexec'
localedir='${datarootdir}/locale'
localstatedir='${prefix}/var'
mandir='${datarootdir}/man'
oldincludedir='/usr/include'
pdfdir='${docdir}'
prefix='/usr/local'
program_transform_name='s,x,x,'
psdir='${docdir}'
sbindir='${exec_prefix}/sbin'
sharedstatedir='${prefix}/com'
sysconfdir='${prefix}/etc'
target_alias=''

## ----------- ##
## confdefs.h. ##
## ----------- ##

/* confdefs.h */
#define PACKAGE_NAME ""
#define PACKAGE_TARNAME ""
#define PACKAGE_VERSION ""
#define PACKAGE_STRING ""
#define PACKAGE_BUGREPORT ""
#define PACKAGE_URL ""
#define HAVE_STRDUP 1
#define STDC_HEADERS 1
#define HAVE_SYS_TYPES_H 1
#define HAVE_SYS_STAT_H 1
#define HAVE_STDLIB_H 1
#define HAVE_STRING_H 1
#define HAVE_MEMORY_H 1
#define HAVE_STRINGS_H 1
#define HAVE_INTTYPES_H 1
#define HAVE_STDINT_H 1
#define HAVE_UNISTD_H 1

configure: exit 0
